Using pre-set license
Built from '6000.2/staging' branch; Version is '6000.2.0b8 (cf6d2d083ec9) revision 13593901'; Using compiler version '194234433'; Build Type 'Release'
OS: 'Windows 11  (10.0.26100) 64bit Core' Language: 'en' Physical Memory: 15991 MB
BatchMode: 1, IsHumanControllingUs: 0, StartBugReporterOnCrash: 0, Is64bit: 1
Date: 2025-08-28T13:49:05Z

COMMAND LINE ARGUMENTS:
C:\Program Files\Unity\Hub\Editor\6000.2.0b8\Editor\Unity.exe
-adb2
-batchMode
-noUpm
-name
AssetImportWorker0
-projectPath
C:/Users/kabou/Unity Projects/Shader_Practice
-logFile
Logs/AssetImportWorker0.log
-srvPort
50575
-job-worker-count
9
-background-job-worker-count
8
-gc-helper-count
1
-name
AssetImport
Successfully changed project path to: C:/Users/kabou/Unity Projects/Shader_Practice
C:/Users/kabou/Unity Projects/Shader_Practice
[UnityMemory] Configuration Parameters - Can be set up in boot.config
    "memorysetup-allocator-temp-initial-block-size-main=262144"
    "memorysetup-allocator-temp-initial-block-size-worker=262144"
    "memorysetup-bucket-allocator-granularity=16"
    "memorysetup-bucket-allocator-bucket-count=8"
    "memorysetup-bucket-allocator-block-size=33554432"
    "memorysetup-bucket-allocator-block-count=8"
    "memorysetup-main-allocator-block-size=16777216"
    "memorysetup-thread-allocator-block-size=16777216"
    "memorysetup-gfx-main-allocator-block-size=16777216"
    "memorysetup-gfx-thread-allocator-block-size=16777216"
    "memorysetup-cache-allocator-block-size=4194304"
    "memorysetup-typetree-allocator-block-size=2097152"
    "memorysetup-profiler-bucket-allocator-granularity=16"
    "memorysetup-profiler-bucket-allocator-bucket-count=8"
    "memorysetup-profiler-bucket-allocator-block-size=33554432"
    "memorysetup-profiler-bucket-allocator-block-count=8"
    "memorysetup-profiler-allocator-block-size=16777216"
    "memorysetup-profiler-editor-allocator-block-size=1048576"
    "memorysetup-temp-allocator-size-main=16777216"
    "memorysetup-job-temp-allocator-block-size=2097152"
    "memorysetup-job-temp-allocator-block-size-background=1048576"
    "memorysetup-job-temp-allocator-reduction-small-platforms=262144"
    "memorysetup-temp-allocator-size-background-worker=32768"
    "memorysetup-temp-allocator-size-job-worker=262144"
    "memorysetup-temp-allocator-size-preload-manager=33554432"
    "memorysetup-temp-allocator-size-nav-mesh-worker=65536"
    "memorysetup-temp-allocator-size-audio-worker=65536"
    "memorysetup-temp-allocator-size-cloud-worker=32768"
    "memorysetup-temp-allocator-size-gi-baking-worker=262144"
    "memorysetup-temp-allocator-size-gi-baking-worker=262144"
    "memorysetup-temp-allocator-size-gi-baking-worker=262144"
    "memorysetup-temp-allocator-size-gi-baking-worker=262144"
    "memorysetup-temp-allocator-size-gi-baking-worker=262144"
    "memorysetup-temp-allocator-size-gfx=262144"
Player connection [9156]  Target information:

Player connection [9156]  * "[IP] 172.19.0.1 [Port] 0 [Flags] 2 [Guid] 709794583 [EditorId] 709794583 [Version] 1048832 [Id] WindowsEditor(7,SinaLaptop) [Debug] 1 [PackageName] WindowsEditor [ProjectName] Editor" 

Player connection [9156] Host joined multi-casting on [225.0.0.222:54997]...
Player connection [9156] Host joined alternative multi-casting on [225.0.0.222:34997]...
JobSystem: Creating JobQueue using job-worker-count value 9
Input System module state changed to: Initialized.
[Physics::Module] Initialized fallback backend.
[Physics::Module] Id: 0xdecafbad
Library Redirect Path: Library/
[Physics::Module] Selected backend.
[Physics::Module] Name: PhysX
[Physics::Module] Id: 0xf2b8ea05
[Physics::Module] SDK Version: 4.1.2
[Physics::Module] Integration Version: 1.0.0
[Physics::Module] Threading Mode: Multi-Threaded
Refreshing native plugins compatible for Editor in 3.53 ms, found 3 plugins.
Preloading 0 native plugins for Editor in 0.00 ms.
Initialize engine version: 6000.2.0b8 (cf6d2d083ec9)
[Subsystems] Discovering subsystems at path C:/Program Files/Unity/Hub/Editor/6000.2.0b8/Editor/Data/Resources/UnitySubsystems
[Subsystems] Discovering subsystems at path C:/Users/kabou/Unity Projects/Shader_Practice/Assets
GfxDevice: creating device client; kGfxThreadingModeNonThreaded
Direct3D:
    Version:         Direct3D 12 [level 12.1]
    Renderer:        Intel(R) Iris(R) Xe Graphics (ID=0xa7a0)
    Vendor:          Intel
    VRAM:            7995 MB
    App VRAM Budget: 7339 MB
    Driver:          31.0.101.4255
    Unified Memory Architecture
    Cache Coherent UMA
Initialize mono
Mono path[0] = 'C:/Program Files/Unity/Hub/Editor/6000.2.0b8/Editor/Data/Managed'
Mono path[1] = 'C:/Program Files/Unity/Hub/Editor/6000.2.0b8/Editor/Data/MonoBleedingEdge/lib/mono/unityjit-win32'
Mono config path = 'C:/Program Files/Unity/Hub/Editor/6000.2.0b8/Editor/Data/MonoBleedingEdge/etc'
Using monoOptions --debugger-agent=transport=dt_socket,embedding=1,server=y,suspend=n,address=127.0.0.1:56020
Begin MonoManager ReloadAssembly
Registering precompiled unity dll's ...
Register platform support module: C:/Program Files/Unity/Hub/Editor/6000.2.0b8/Editor/Data/PlaybackEngines/WindowsStandaloneSupport/UnityEditor.WindowsStandalone.Extensions.dll
Registered in 0.001163 seconds.
- Loaded All Assemblies, in  0.321 seconds
Native extension for WindowsStandalone target not found
Mono: successfully reloaded assembly
- Finished resetting the current domain, in  0.285 seconds
Domain Reload Profiling: 605ms
	BeginReloadAssembly (118ms)
		ExecutionOrderSort (0ms)
		DisableScriptedObjects (0ms)
		BackupInstance (0ms)
		ReleaseScriptingObjects (0ms)
		CreateAndSetChildDomain (1ms)
	RebuildCommonClasses (33ms)
	RebuildNativeTypeToScriptingClass (9ms)
	initialDomainReloadingComplete (37ms)
	LoadAllAssembliesAndSetupDomain (123ms)
		LoadAssemblies (116ms)
		RebuildTransferFunctionScriptingTraits (0ms)
		AnalyzeDomain (120ms)
			TypeCache.Refresh (119ms)
				TypeCache.ScanAssembly (106ms)
			BuildScriptInfoCaches (0ms)
			ResolveRequiredComponents (0ms)
	FinalizeReload (285ms)
		ReleaseScriptCaches (0ms)
		RebuildScriptCaches (0ms)
		SetupLoadedEditorAssemblies (252ms)
			LogAssemblyErrors (0ms)
			InitializePlatformSupportModulesInManaged (37ms)
			SetLoadedEditorAssemblies (3ms)
			BeforeProcessingInitializeOnLoad (64ms)
			ProcessInitializeOnLoadAttributes (110ms)
			ProcessInitializeOnLoadMethodAttributes (37ms)
			AfterProcessingInitializeOnLoad (0ms)
			EditorAssembliesLoaded (0ms)
		ExecutionOrderSort2 (0ms)
		AwakeInstancesAfterBackupRestoration (0ms)
========================================================================
Worker process is ready to serve import requests
Import Worker Mode flag is 0x00
Begin MonoManager ReloadAssembly
- Loaded All Assemblies, in  0.667 seconds
Refreshing native plugins compatible for Editor in 0.76 ms, found 3 plugins.
Native extension for WindowsStandalone target not found
Mono: successfully reloaded assembly
- Finished resetting the current domain, in  0.623 seconds
Domain Reload Profiling: 1287ms
	BeginReloadAssembly (140ms)
		ExecutionOrderSort (0ms)
		DisableScriptedObjects (4ms)
		BackupInstance (0ms)
		ReleaseScriptingObjects (0ms)
		CreateAndSetChildDomain (23ms)
	RebuildCommonClasses (31ms)
	RebuildNativeTypeToScriptingClass (8ms)
	initialDomainReloadingComplete (31ms)
	LoadAllAssembliesAndSetupDomain (453ms)
		LoadAssemblies (345ms)
		RebuildTransferFunctionScriptingTraits (0ms)
		AnalyzeDomain (190ms)
			TypeCache.Refresh (142ms)
				TypeCache.ScanAssembly (126ms)
			BuildScriptInfoCaches (37ms)
			ResolveRequiredComponents (8ms)
	FinalizeReload (624ms)
		ReleaseScriptCaches (0ms)
		RebuildScriptCaches (0ms)
		SetupLoadedEditorAssemblies (413ms)
			LogAssemblyErrors (0ms)
			InitializePlatformSupportModulesInManaged (1ms)
			SetLoadedEditorAssemblies (3ms)
			BeforeProcessingInitializeOnLoad (92ms)
			ProcessInitializeOnLoadAttributes (279ms)
			ProcessInitializeOnLoadMethodAttributes (36ms)
			AfterProcessingInitializeOnLoad (3ms)
			EditorAssembliesLoaded (0ms)
		ExecutionOrderSort2 (0ms)
		AwakeInstancesAfterBackupRestoration (6ms)
Launched and connected shader compiler UnityShaderCompiler.exe after 0.02 seconds
Refreshing native plugins compatible for Editor in 0.53 ms, found 3 plugins.
Preloading 0 native plugins for Editor in 0.00 ms.
Unloading 14 Unused Serialized files (Serialized files now loaded: 0)
Unloading 5990 unused Assets / (4.1 MB). Loaded Objects now: 8681.
Memory consumption went from 140.8 MB to 136.7 MB.
Total: 5.930000 ms (FindLiveObjects: 0.426600 ms CreateObjectMapping: 0.311100 ms MarkObjects: 3.553600 ms  DeleteObjects: 1.637900 ms)

========================================================================
Received Import Request.
  Time since last request: 1299411.113631 seconds.
  path: Assets/_MyStuff/Shaders/S_AdvancedTexture.shader
  artifactKey: Guid(5af675bd3e9c3d8419652ce82e5392cc) Importer(815301076,1909f56bfc062723c751e8b465ee728b)
Start importing Assets/_MyStuff/Shaders/S_AdvancedTexture.shader using Guid(5af675bd3e9c3d8419652ce82e5392cc) Importer(815301076,1909f56bfc062723c751e8b465ee728b) (PreviewImporter) -> (artifact id: '37d595484819a89d142f144fffc2ff36') in 0.0155591 seconds
Number of updated asset objects reloaded before import = 0Number of asset objects unloaded after import = 0

========================================================================
Received Import Request.
  Time since last request: 34.624758 seconds.
  path: Assets/_MyStuff/Shaders/S_AdvancedTexture.shader
  artifactKey: Guid(5af675bd3e9c3d8419652ce82e5392cc) Importer(815301076,1909f56bfc062723c751e8b465ee728b)
Start importing Assets/_MyStuff/Shaders/S_AdvancedTexture.shader using Guid(5af675bd3e9c3d8419652ce82e5392cc) Importer(815301076,1909f56bfc062723c751e8b465ee728b) (PreviewImporter) -> (artifact id: '1af3e22e7fb8e1ba948a657e07f48cb0') in 0.0014806 seconds
Number of updated asset objects reloaded before import = 1Number of asset objects unloaded after import = 0

========================================================================
Received Import Request.
  Time since last request: 646.212116 seconds.
  path: Assets/_MyStuff/Shaders/S_AdvancedTexture.shader
  artifactKey: Guid(5af675bd3e9c3d8419652ce82e5392cc) Importer(815301076,1909f56bfc062723c751e8b465ee728b)
Start importing Assets/_MyStuff/Shaders/S_AdvancedTexture.shader using Guid(5af675bd3e9c3d8419652ce82e5392cc) Importer(815301076,1909f56bfc062723c751e8b465ee728b) (PreviewImporter) -> (artifact id: 'ab15e2823cb74fb98ada1b23dba6a155') in 0.0013259 seconds
Number of updated asset objects reloaded before import = 1Number of asset objects unloaded after import = 0

========================================================================
Received Import Request.
  Time since last request: 19.270338 seconds.
  path: Assets/_MyStuff/Shaders/S_AdvancedTexture.shader
  artifactKey: Guid(5af675bd3e9c3d8419652ce82e5392cc) Importer(815301076,1909f56bfc062723c751e8b465ee728b)
Start importing Assets/_MyStuff/Shaders/S_AdvancedTexture.shader using Guid(5af675bd3e9c3d8419652ce82e5392cc) Importer(815301076,1909f56bfc062723c751e8b465ee728b) (PreviewImporter) -> (artifact id: '9e10d76447f2d80d309435fe3c683f3b') in 0.0012351 seconds
Number of updated asset objects reloaded before import = 1Number of asset objects unloaded after import = 0

========================================================================
Received Import Request.
  Time since last request: 8.776338 seconds.
  path: Assets/_MyStuff/Shaders/S_AdvancedTexture.shader
  artifactKey: Guid(5af675bd3e9c3d8419652ce82e5392cc) Importer(815301076,1909f56bfc062723c751e8b465ee728b)
Start importing Assets/_MyStuff/Shaders/S_AdvancedTexture.shader using Guid(5af675bd3e9c3d8419652ce82e5392cc) Importer(815301076,1909f56bfc062723c751e8b465ee728b) (PreviewImporter) -> (artifact id: 'e008c9d0d09f6e04ec8a2ea5dbad9638') in 0.0008289 seconds
Number of updated asset objects reloaded before import = 1Number of asset objects unloaded after import = 0

========================================================================
Received Import Request.
  Time since last request: 9.241767 seconds.
  path: Assets/_MyStuff/Shaders/S_AdvancedTexture.shader
  artifactKey: Guid(5af675bd3e9c3d8419652ce82e5392cc) Importer(815301076,1909f56bfc062723c751e8b465ee728b)
Start importing Assets/_MyStuff/Shaders/S_AdvancedTexture.shader using Guid(5af675bd3e9c3d8419652ce82e5392cc) Importer(815301076,1909f56bfc062723c751e8b465ee728b) (PreviewImporter) -> (artifact id: 'acdde85d82c7cac016213493142cee19') in 0.0015202 seconds
Number of updated asset objects reloaded before import = 1Number of asset objects unloaded after import = 0

========================================================================
Received Import Request.
  Time since last request: 12.158504 seconds.
  path: Assets/_MyStuff/Shaders/S_AdvancedTexture.shader
  artifactKey: Guid(5af675bd3e9c3d8419652ce82e5392cc) Importer(815301076,1909f56bfc062723c751e8b465ee728b)
Start importing Assets/_MyStuff/Shaders/S_AdvancedTexture.shader using Guid(5af675bd3e9c3d8419652ce82e5392cc) Importer(815301076,1909f56bfc062723c751e8b465ee728b) (PreviewImporter) -> (artifact id: '3b47cf693e3af176f9a998c8a27226e0') in 0.000935 seconds
Number of updated asset objects reloaded before import = 1Number of asset objects unloaded after import = 0

========================================================================
Received Import Request.
  Time since last request: 206.685850 seconds.
  path: Assets/_MyStuff/Shaders/S_AdvancedTexture.shader
  artifactKey: Guid(5af675bd3e9c3d8419652ce82e5392cc) Importer(815301076,1909f56bfc062723c751e8b465ee728b)
Start importing Assets/_MyStuff/Shaders/S_AdvancedTexture.shader using Guid(5af675bd3e9c3d8419652ce82e5392cc) Importer(815301076,1909f56bfc062723c751e8b465ee728b) (PreviewImporter) -> (artifact id: 'c0563b7e28fa2fd482781534f2713739') in 0.0017246 seconds
Number of updated asset objects reloaded before import = 2Number of asset objects unloaded after import = 0

========================================================================
Received Import Request.
  Time since last request: 359.180174 seconds.
  path: Assets/_MyStuff/Shaders/S_UVRotation.shader
  artifactKey: Guid(5af675bd3e9c3d8419652ce82e5392cc) Importer(815301076,1909f56bfc062723c751e8b465ee728b)
Start importing Assets/_MyStuff/Shaders/S_UVRotation.shader using Guid(5af675bd3e9c3d8419652ce82e5392cc) Importer(815301076,1909f56bfc062723c751e8b465ee728b) (PreviewImporter) -> (artifact id: 'ad24fa7f5c2209857171f0e75cfb30f0') in 0.0013134 seconds
Number of updated asset objects reloaded before import = 1Number of asset objects unloaded after import = 0

========================================================================
Received Import Request.
  Time since last request: 37.343444 seconds.
  path: Assets/_MyStuff/Shaders/S_AdvancedTexture.shader
  artifactKey: Guid(b48a656a003477243829c1f8675d9d0a) Importer(815301076,1909f56bfc062723c751e8b465ee728b)
Start importing Assets/_MyStuff/Shaders/S_AdvancedTexture.shader using Guid(b48a656a003477243829c1f8675d9d0a) Importer(815301076,1909f56bfc062723c751e8b465ee728b) (PreviewImporter) -> (artifact id: '7b8099cadd985f4511fead33610c19d3') in 0.0038233 seconds
Number of updated asset objects reloaded before import = 0Number of asset objects unloaded after import = 1

========================================================================
Received Import Request.
  Time since last request: 23.569067 seconds.
  path: Assets/_MyStuff/Shaders/S_BlinnPhong.shader
  artifactKey: Guid(f8ebd3c99e67e3f40b25ec993fcdf961) Importer(815301076,1909f56bfc062723c751e8b465ee728b)
Start importing Assets/_MyStuff/Shaders/S_BlinnPhong.shader using Guid(f8ebd3c99e67e3f40b25ec993fcdf961) Importer(815301076,1909f56bfc062723c751e8b465ee728b) (PreviewImporter) -> (artifact id: '626465b431bde978b9958a90c3f58dbe') in 0.0015918 seconds
Number of updated asset objects reloaded before import = 0Number of asset objects unloaded after import = 0

========================================================================
Received Import Request.
  Time since last request: 44.624692 seconds.
  path: Assets/_MyStuff/Shaders/S_UVRotation.shader
  artifactKey: Guid(5af675bd3e9c3d8419652ce82e5392cc) Importer(815301076,1909f56bfc062723c751e8b465ee728b)
Start importing Assets/_MyStuff/Shaders/S_UVRotation.shader using Guid(5af675bd3e9c3d8419652ce82e5392cc) Importer(815301076,1909f56bfc062723c751e8b465ee728b) (PreviewImporter) -> (artifact id: '913f0727a9d2687cd772706356f365c1') in 0.0015317 seconds
Number of updated asset objects reloaded before import = 1Number of asset objects unloaded after import = 0

========================================================================
Received Import Request.
  Time since last request: 155.457625 seconds.
  path: Assets/_MyStuff/Shaders/S_UVRotation.shader
  artifactKey: Guid(5af675bd3e9c3d8419652ce82e5392cc) Importer(815301076,1909f56bfc062723c751e8b465ee728b)
Start importing Assets/_MyStuff/Shaders/S_UVRotation.shader using Guid(5af675bd3e9c3d8419652ce82e5392cc) Importer(815301076,1909f56bfc062723c751e8b465ee728b) (PreviewImporter) -> (artifact id: 'da058f35c97bac1a40b446156a49e4c9') in 0.001134 seconds
Number of updated asset objects reloaded before import = 1Number of asset objects unloaded after import = 0

========================================================================
Received Import Request.
  Time since last request: 40.277037 seconds.
  path: Assets/_MyStuff/Shaders/S_UVRotation.shader
  artifactKey: Guid(5af675bd3e9c3d8419652ce82e5392cc) Importer(815301076,1909f56bfc062723c751e8b465ee728b)
Start importing Assets/_MyStuff/Shaders/S_UVRotation.shader using Guid(5af675bd3e9c3d8419652ce82e5392cc) Importer(815301076,1909f56bfc062723c751e8b465ee728b) (PreviewImporter) -> (artifact id: '345b8c06f304242c2a2ad3cc6669a15d') in 0.000994 seconds
Number of updated asset objects reloaded before import = 1Number of asset objects unloaded after import = 0

========================================================================
Received Import Request.
  Time since last request: 8.974076 seconds.
  path: Assets/_MyStuff/Shaders/S_UVRotation.shader
  artifactKey: Guid(5af675bd3e9c3d8419652ce82e5392cc) Importer(815301076,1909f56bfc062723c751e8b465ee728b)
Start importing Assets/_MyStuff/Shaders/S_UVRotation.shader using Guid(5af675bd3e9c3d8419652ce82e5392cc) Importer(815301076,1909f56bfc062723c751e8b465ee728b) (PreviewImporter) -> (artifact id: 'cb0a10e20d27f818246e189fbbf2f9df') in 0.0008871 seconds
Number of updated asset objects reloaded before import = 1Number of asset objects unloaded after import = 0

========================================================================
Received Import Request.
  Time since last request: 8.140346 seconds.
  path: Assets/_MyStuff/Shaders/S_UVRotation.shader
  artifactKey: Guid(5af675bd3e9c3d8419652ce82e5392cc) Importer(815301076,1909f56bfc062723c751e8b465ee728b)
Start importing Assets/_MyStuff/Shaders/S_UVRotation.shader using Guid(5af675bd3e9c3d8419652ce82e5392cc) Importer(815301076,1909f56bfc062723c751e8b465ee728b) (PreviewImporter) -> (artifact id: 'e3690c439e047c28a8a8d5dea7f05e18') in 0.0010825 seconds
Number of updated asset objects reloaded before import = 1Number of asset objects unloaded after import = 0

========================================================================
Received Import Request.
  Time since last request: 10.731175 seconds.
  path: Assets/_MyStuff/Shaders/S_UVRotation.shader
  artifactKey: Guid(5af675bd3e9c3d8419652ce82e5392cc) Importer(815301076,1909f56bfc062723c751e8b465ee728b)
Start importing Assets/_MyStuff/Shaders/S_UVRotation.shader using Guid(5af675bd3e9c3d8419652ce82e5392cc) Importer(815301076,1909f56bfc062723c751e8b465ee728b) (PreviewImporter) -> (artifact id: '2b3bfa104c4ddba3a2ea5b5e6c6167c4') in 0.0010998 seconds
Number of updated asset objects reloaded before import = 1Number of asset objects unloaded after import = 0

========================================================================
Received Import Request.
  Time since last request: 6.356445 seconds.
  path: Assets/_MyStuff/Shaders/S_UVRotation.shader
  artifactKey: Guid(5af675bd3e9c3d8419652ce82e5392cc) Importer(815301076,1909f56bfc062723c751e8b465ee728b)
Start importing Assets/_MyStuff/Shaders/S_UVRotation.shader using Guid(5af675bd3e9c3d8419652ce82e5392cc) Importer(815301076,1909f56bfc062723c751e8b465ee728b) (PreviewImporter) -> (artifact id: 'cc4063dbcd5b2ba8f4492794e5ce564d') in 0.0009289 seconds
Number of updated asset objects reloaded before import = 1Number of asset objects unloaded after import = 0

========================================================================
Received Import Request.
  Time since last request: 33.049625 seconds.
  path: Assets/_MyStuff/Shaders/S_UVRotation.shader
  artifactKey: Guid(5af675bd3e9c3d8419652ce82e5392cc) Importer(815301076,1909f56bfc062723c751e8b465ee728b)
Start importing Assets/_MyStuff/Shaders/S_UVRotation.shader using Guid(5af675bd3e9c3d8419652ce82e5392cc) Importer(815301076,1909f56bfc062723c751e8b465ee728b) (PreviewImporter) -> (artifact id: '22a0f897a8d69756e99ae9351cab081f') in 0.0013266 seconds
Number of updated asset objects reloaded before import = 1Number of asset objects unloaded after import = 0

========================================================================
Received Import Request.
  Time since last request: 4.814833 seconds.
  path: Assets/_MyStuff/Shaders/S_UVRotation.shader
  artifactKey: Guid(5af675bd3e9c3d8419652ce82e5392cc) Importer(815301076,1909f56bfc062723c751e8b465ee728b)
Start importing Assets/_MyStuff/Shaders/S_UVRotation.shader using Guid(5af675bd3e9c3d8419652ce82e5392cc) Importer(815301076,1909f56bfc062723c751e8b465ee728b) (PreviewImporter) -> (artifact id: '1039e8fc42c4558e9f102609c321e2d5') in 0.0010648 seconds
Number of updated asset objects reloaded before import = 1Number of asset objects unloaded after import = 0

========================================================================
Received Import Request.
  Time since last request: 55.169363 seconds.
  path: Assets/_MyStuff/Shaders/S_UVRotation.shader
  artifactKey: Guid(5af675bd3e9c3d8419652ce82e5392cc) Importer(815301076,1909f56bfc062723c751e8b465ee728b)
Start importing Assets/_MyStuff/Shaders/S_UVRotation.shader using Guid(5af675bd3e9c3d8419652ce82e5392cc) Importer(815301076,1909f56bfc062723c751e8b465ee728b) (PreviewImporter) -> (artifact id: '8a7b766d93d7deb78b92a2db84ba0a16') in 0.0017397 seconds
Number of updated asset objects reloaded before import = 1Number of asset objects unloaded after import = 0

========================================================================
Received Import Request.
  Time since last request: 12.485826 seconds.
  path: Assets/_MyStuff/Shaders/S_UVRotation.shader
  artifactKey: Guid(5af675bd3e9c3d8419652ce82e5392cc) Importer(815301076,1909f56bfc062723c751e8b465ee728b)
Start importing Assets/_MyStuff/Shaders/S_UVRotation.shader using Guid(5af675bd3e9c3d8419652ce82e5392cc) Importer(815301076,1909f56bfc062723c751e8b465ee728b) (PreviewImporter) -> (artifact id: '91254700708d54d9d5ec21962e9a0534') in 0.0012652 seconds
Number of updated asset objects reloaded before import = 1Number of asset objects unloaded after import = 0

========================================================================
Received Import Request.
  Time since last request: 23.350454 seconds.
  path: Assets/_MyStuff/Shaders/S_UVRotation.shader
  artifactKey: Guid(5af675bd3e9c3d8419652ce82e5392cc) Importer(815301076,1909f56bfc062723c751e8b465ee728b)
Start importing Assets/_MyStuff/Shaders/S_UVRotation.shader using Guid(5af675bd3e9c3d8419652ce82e5392cc) Importer(815301076,1909f56bfc062723c751e8b465ee728b) (PreviewImporter) -> (artifact id: 'bfefc5639e49ccc0f24cc3491c73b3e9') in 0.0009346 seconds
Number of updated asset objects reloaded before import = 1Number of asset objects unloaded after import = 0

========================================================================
Received Import Request.
  Time since last request: 76.907583 seconds.
  path: Assets/_MyStuff/Shaders/S_UVRotation.shader
  artifactKey: Guid(5af675bd3e9c3d8419652ce82e5392cc) Importer(815301076,1909f56bfc062723c751e8b465ee728b)
Start importing Assets/_MyStuff/Shaders/S_UVRotation.shader using Guid(5af675bd3e9c3d8419652ce82e5392cc) Importer(815301076,1909f56bfc062723c751e8b465ee728b) (PreviewImporter) -> (artifact id: '9a065c7e53442220b4282d06cf18079f') in 0.0012381 seconds
Number of updated asset objects reloaded before import = 1Number of asset objects unloaded after import = 0

========================================================================
Received Import Request.
  Time since last request: 19.009502 seconds.
  path: Assets/_MyStuff/Shaders/S_UVRotation.shader
  artifactKey: Guid(5af675bd3e9c3d8419652ce82e5392cc) Importer(815301076,1909f56bfc062723c751e8b465ee728b)
Start importing Assets/_MyStuff/Shaders/S_UVRotation.shader using Guid(5af675bd3e9c3d8419652ce82e5392cc) Importer(815301076,1909f56bfc062723c751e8b465ee728b) (PreviewImporter) -> (artifact id: 'f1869b9c0ea1d27df6d1c7a33f4e2d59') in 0.0012824 seconds
Number of updated asset objects reloaded before import = 1Number of asset objects unloaded after import = 0

========================================================================
Received Import Request.
  Time since last request: 4.048831 seconds.
  path: Assets/_MyStuff/Shaders/S_UVRotation.shader
  artifactKey: Guid(5af675bd3e9c3d8419652ce82e5392cc) Importer(815301076,1909f56bfc062723c751e8b465ee728b)
Start importing Assets/_MyStuff/Shaders/S_UVRotation.shader using Guid(5af675bd3e9c3d8419652ce82e5392cc) Importer(815301076,1909f56bfc062723c751e8b465ee728b) (PreviewImporter) -> (artifact id: '44d1ab9bf3ce9ffe4d98eb1b4654343b') in 0.0014622 seconds
Number of updated asset objects reloaded before import = 1Number of asset objects unloaded after import = 0

========================================================================
Received Import Request.
  Time since last request: 5.964189 seconds.
  path: Assets/_MyStuff/Shaders/S_UVRotation.shader
  artifactKey: Guid(5af675bd3e9c3d8419652ce82e5392cc) Importer(815301076,1909f56bfc062723c751e8b465ee728b)
Start importing Assets/_MyStuff/Shaders/S_UVRotation.shader using Guid(5af675bd3e9c3d8419652ce82e5392cc) Importer(815301076,1909f56bfc062723c751e8b465ee728b) (PreviewImporter) -> (artifact id: '54400800513c6222ed1d2aa40b84551b') in 0.0009534 seconds
Number of updated asset objects reloaded before import = 1Number of asset objects unloaded after import = 0

========================================================================
Received Import Request.
  Time since last request: 4.477272 seconds.
  path: Assets/_MyStuff/Shaders/S_UVRotation.shader
  artifactKey: Guid(5af675bd3e9c3d8419652ce82e5392cc) Importer(815301076,1909f56bfc062723c751e8b465ee728b)
Start importing Assets/_MyStuff/Shaders/S_UVRotation.shader using Guid(5af675bd3e9c3d8419652ce82e5392cc) Importer(815301076,1909f56bfc062723c751e8b465ee728b) (PreviewImporter) -> (artifact id: '044dcb8e3c2740df98c36ba236bc7b4b') in 0.0008835 seconds
Number of updated asset objects reloaded before import = 1Number of asset objects unloaded after import = 0

========================================================================
Received Import Request.
  Time since last request: 4.425947 seconds.
  path: Assets/_MyStuff/Shaders/S_UVRotation.shader
  artifactKey: Guid(5af675bd3e9c3d8419652ce82e5392cc) Importer(815301076,1909f56bfc062723c751e8b465ee728b)
Start importing Assets/_MyStuff/Shaders/S_UVRotation.shader using Guid(5af675bd3e9c3d8419652ce82e5392cc) Importer(815301076,1909f56bfc062723c751e8b465ee728b) (PreviewImporter) -> (artifact id: '2e9038ce3848cabcec54cd5f568936ab') in 0.0010676 seconds
Number of updated asset objects reloaded before import = 1Number of asset objects unloaded after import = 0

========================================================================
Received Import Request.
  Time since last request: 16.770662 seconds.
  path: Assets/_MyStuff/Shaders/S_UVRotation.shader
  artifactKey: Guid(5af675bd3e9c3d8419652ce82e5392cc) Importer(815301076,1909f56bfc062723c751e8b465ee728b)
Start importing Assets/_MyStuff/Shaders/S_UVRotation.shader using Guid(5af675bd3e9c3d8419652ce82e5392cc) Importer(815301076,1909f56bfc062723c751e8b465ee728b) (PreviewImporter) -> (artifact id: '606a5ac39415de13d455a31c8c6c839d') in 0.0008545 seconds
Number of updated asset objects reloaded before import = 1Number of asset objects unloaded after import = 0

========================================================================
Received Import Request.
  Time since last request: 3.387024 seconds.
  path: Assets/_MyStuff/Shaders/S_UVRotation.shader
  artifactKey: Guid(5af675bd3e9c3d8419652ce82e5392cc) Importer(815301076,1909f56bfc062723c751e8b465ee728b)
Start importing Assets/_MyStuff/Shaders/S_UVRotation.shader using Guid(5af675bd3e9c3d8419652ce82e5392cc) Importer(815301076,1909f56bfc062723c751e8b465ee728b) (PreviewImporter) -> (artifact id: '9baa8dd3b99739b212d46dfb24f619f6') in 0.0009165 seconds
Number of updated asset objects reloaded before import = 1Number of asset objects unloaded after import = 0

